<?xml version="1.0" encoding="UTF-8"?>
<!-- Generated by org.testng.reporters.JUnitReportReporter -->
<testsuite name="com.qtpselenium.rediff.hybrid.testcases.portfoliosuite.LoginTest" tests="1" time="0.734" ignored="0" failures="0" timestamp="18 Apr 2018 09:51:03 GMT" skipped="1" hostname="CabinPC" errors="0">
  <testcase name="loginTest" time="0.734" classname="com.qtpselenium.rediff.hybrid.testcases.portfoliosuite.LoginTest">
    <skipped/>
  </testcase> <!-- loginTest -->
</testsuite> <!-- com.qtpselenium.rediff.hybrid.testcases.portfoliosuite.LoginTest -->
