<?xml version="1.0" encoding="UTF-8"?>
<!-- Generated by org.testng.reporters.JUnitReportReporter -->
<testsuite name="com.qtpselenium.rediff.hybrid.testcases.stocksuite.BuySellStockTest" tests="2" time="0.068" ignored="0" failures="0" timestamp="18 Apr 2018 09:51:03 GMT" skipped="2" hostname="CabinPC" errors="0">
  <testcase name="checkTransactionHistoryTest" time="0.000" classname="com.qtpselenium.rediff.hybrid.testcases.stocksuite.BuySellStockTest">
    <skipped/>
  </testcase> <!-- checkTransactionHistoryTest -->
  <testcase name="buyOrSellStockTest" time="0.068" classname="com.qtpselenium.rediff.hybrid.testcases.stocksuite.BuySellStockTest">
    <skipped/>
  </testcase> <!-- buyOrSellStockTest -->
</testsuite> <!-- com.qtpselenium.rediff.hybrid.testcases.stocksuite.BuySellStockTest -->
